[2018-12-15 14:07:02.027] [exthost] [info] extension host started
[2018-12-15 14:07:02.431] [exthost] [info] ExtensionService#_doActivateExtension vscode.debug-auto-launch {"startup":true,"activationEvent":"*"}
[2018-12-15 14:07:02.431] [exthost] [info] ExtensionService#loadCommonJSModule /usr/share/code/resources/app/extensions/debug-auto-launch/dist/extension
[2018-12-15 14:07:02.605] [exthost] [info] ExtensionService#_doActivateExtension vscode.emmet {"startup":true,"activationEvent":"*"}
[2018-12-15 14:07:02.605] [exthost] [info] ExtensionService#loadCommonJSModule /usr/share/code/resources/app/extensions/emmet/dist/extension
[2018-12-15 14:07:02.760] [exthost] [info] ExtensionService#_doActivateExtension vscode.git {"startup":true,"activationEvent":"*"}
[2018-12-15 14:07:02.760] [exthost] [info] ExtensionService#loadCommonJSModule /usr/share/code/resources/app/extensions/git/dist/main
[2018-12-15 14:07:03.823] [exthost] [info] ExtensionService#_doActivateExtension vscode.merge-conflict {"startup":true,"activationEvent":"*"}
[2018-12-15 14:07:03.823] [exthost] [info] ExtensionService#loadCommonJSModule /usr/share/code/resources/app/extensions/merge-conflict/dist/extension
[2018-12-15 14:07:03.968] [exthost] [info] eager extensions activated
[2018-12-15 14:22:40.271] [exthost] [info] ExtensionService#_doActivateExtension ms-vscode.node-debug2 {"startup":false,"activationEvent":"onDebugInitialConfigurations"}
[2018-12-15 14:22:40.271] [exthost] [info] ExtensionService#loadCommonJSModule /usr/share/code/resources/app/extensions/ms-vscode.node-debug2/out/src/extension
[2018-12-15 14:22:40.351] [exthost] [info] ExtensionService#_doActivateExtension ms-vscode.node-debug {"startup":false,"activationEvent":"onDebugInitialConfigurations"}
[2018-12-15 14:22:40.353] [exthost] [info] ExtensionService#loadCommonJSModule /usr/share/code/resources/app/extensions/ms-vscode.node-debug/dist/extension.js
[2018-12-15 16:45:35.713] [exthost] [info] ExtensionService#_doActivateExtension vscode.grunt {"startup":false,"activationEvent":"onCommand:workbench.action.tasks.runTask"}
[2018-12-15 16:45:35.731] [exthost] [info] ExtensionService#loadCommonJSModule /usr/share/code/resources/app/extensions/grunt/dist/main
[2018-12-15 16:45:51.103] [exthost] [info] ExtensionService#_doActivateExtension vscode.gulp {"startup":false,"activationEvent":"onCommand:workbench.action.tasks.runTask"}
[2018-12-15 16:45:51.103] [exthost] [info] ExtensionService#loadCommonJSModule /usr/share/code/resources/app/extensions/gulp/dist/main
[2018-12-15 16:45:51.205] [exthost] [info] ExtensionService#_doActivateExtension vscode.jake {"startup":false,"activationEvent":"onCommand:workbench.action.tasks.runTask"}
[2018-12-15 16:45:51.208] [exthost] [info] ExtensionService#loadCommonJSModule /usr/share/code/resources/app/extensions/jake/dist/main
[2018-12-15 16:45:51.328] [exthost] [info] ExtensionService#_doActivateExtension vscode.npm {"startup":false,"activationEvent":"onCommand:workbench.action.tasks.runTask"}
[2018-12-15 16:45:51.328] [exthost] [info] ExtensionService#loadCommonJSModule /usr/share/code/resources/app/extensions/npm/dist/main
[2018-12-15 16:45:51.975] [exthost] [info] ExtensionService#_doActivateExtension vscode.typescript-language-features {"startup":false,"activationEvent":"onCommand:workbench.action.tasks.runTask"}
[2018-12-15 16:45:51.975] [exthost] [info] ExtensionService#loadCommonJSModule /usr/share/code/resources/app/extensions/typescript-language-features/dist/extension
